=== RUN   TestTerraformCompleteExample
TestTerraformCompleteExample 2022-08-27T18:21:02Z retry.go:91: terraform [init -upgrade=false]
TestTerraformCompleteExample 2022-08-27T18:21:02Z logger.go:66: Running command terraform with args [init -upgrade=false]
TestTerraformCompleteExample 2022-08-27T18:21:03Z logger.go:66: [0m[1mInitializing modules...[0m
TestTerraformCompleteExample 2022-08-27T18:21:03Z logger.go:66:
TestTerraformCompleteExample 2022-08-27T18:21:03Z logger.go:66: [0m[1mInitializing the backend...[0m
TestTerraformCompleteExample 2022-08-27T18:21:03Z logger.go:66:
TestTerraformCompleteExample 2022-08-27T18:21:03Z logger.go:66: [0m[1mInitializing provider plugins...[0m
TestTerraformCompleteExample 2022-08-27T18:21:03Z logger.go:66: - Reusing previous version of hashicorp/aws from the dependency lock file
TestTerraformCompleteExample 2022-08-27T18:21:04Z logger.go:66: - Using previously-installed hashicorp/aws v4.27.0
TestTerraformCompleteExample 2022-08-27T18:21:04Z logger.go:66:
TestTerraformCompleteExample 2022-08-27T18:21:04Z logger.go:66: [0m[1m[32mTerraform has been successfully initialized![0m[32m[0m
TestTerraformCompleteExample 2022-08-27T18:21:04Z logger.go:66: [0m[32m
TestTerraformCompleteExample 2022-08-27T18:21:04Z logger.go:66: You may now begin working with Terraform. Try running "terraform plan" to see
TestTerraformCompleteExample 2022-08-27T18:21:04Z logger.go:66: any changes that are required for your infrastructure. All Terraform commands
TestTerraformCompleteExample 2022-08-27T18:21:04Z logger.go:66: should now work.
TestTerraformCompleteExample 2022-08-27T18:21:04Z logger.go:66:
TestTerraformCompleteExample 2022-08-27T18:21:04Z logger.go:66: If you ever set or change modules or backend configuration for Terraform,
TestTerraformCompleteExample 2022-08-27T18:21:04Z logger.go:66: rerun this command to reinitialize your working directory. If you forget, other
TestTerraformCompleteExample 2022-08-27T18:21:04Z logger.go:66: commands will detect it and remind you to do so if necessary.[0m
TestTerraformCompleteExample 2022-08-27T18:21:04Z retry.go:91: terraform [apply -input=false -auto-approve -no-color -lock=false]
TestTerraformCompleteExample 2022-08-27T18:21:04Z logger.go:66: Running command terraform with args [apply -input=false -auto-approve -no-color -lock=false]
TestTerraformCompleteExample 2022-08-27T18:21:05Z logger.go:66:
TestTerraformCompleteExample 2022-08-27T18:21:05Z logger.go:66: Error: Unsupported argument
TestTerraformCompleteExample 2022-08-27T18:21:05Z logger.go:66:
TestTerraformCompleteExample 2022-08-27T18:21:05Z logger.go:66:   on main.tf line 4, in module "security_group":
TestTerraformCompleteExample 2022-08-27T18:21:05Z logger.go:66:    4:   name        = local.name
TestTerraformCompleteExample 2022-08-27T18:21:05Z logger.go:66:
TestTerraformCompleteExample 2022-08-27T18:21:05Z logger.go:66: An argument named "name" is not expected here.
TestTerraformCompleteExample 2022-08-27T18:21:05Z logger.go:66:
TestTerraformCompleteExample 2022-08-27T18:21:05Z logger.go:66: Error: Unsupported argument
TestTerraformCompleteExample 2022-08-27T18:21:05Z logger.go:66:
TestTerraformCompleteExample 2022-08-27T18:21:05Z logger.go:66:   on main.tf line 5, in module "security_group":
TestTerraformCompleteExample 2022-08-27T18:21:05Z logger.go:66:    5:   description = local.name
TestTerraformCompleteExample 2022-08-27T18:21:05Z logger.go:66:
TestTerraformCompleteExample 2022-08-27T18:21:05Z logger.go:66: An argument named "description" is not expected here.
TestTerraformCompleteExample 2022-08-27T18:21:05Z logger.go:66:
TestTerraformCompleteExample 2022-08-27T18:21:05Z logger.go:66: Error: Unsupported argument
TestTerraformCompleteExample 2022-08-27T18:21:05Z logger.go:66:
TestTerraformCompleteExample 2022-08-27T18:21:05Z logger.go:66:   on main.tf line 6, in module "security_group":
TestTerraformCompleteExample 2022-08-27T18:21:05Z logger.go:66:    6:   vpc_id      = data.aws_vpc.default.id
TestTerraformCompleteExample 2022-08-27T18:21:05Z logger.go:66:
TestTerraformCompleteExample 2022-08-27T18:21:05Z logger.go:66: An argument named "vpc_id" is not expected here.
TestTerraformCompleteExample 2022-08-27T18:21:05Z logger.go:66:
TestTerraformCompleteExample 2022-08-27T18:21:05Z logger.go:66: Error: Unsupported argument
TestTerraformCompleteExample 2022-08-27T18:21:05Z logger.go:66:
TestTerraformCompleteExample 2022-08-27T18:21:05Z logger.go:66:   on main.tf line 80, in module "security_group":
TestTerraformCompleteExample 2022-08-27T18:21:05Z logger.go:66:   80:   tags = {
TestTerraformCompleteExample 2022-08-27T18:21:05Z logger.go:66:
TestTerraformCompleteExample 2022-08-27T18:21:05Z logger.go:66: An argument named "tags" is not expected here.
TestTerraformCompleteExample 2022-08-27T18:21:05Z retry.go:99: Returning due to fatal error: FatalError{Underlying: error while running command: exit status 1;
Error: Unsupported argument

  on main.tf line 4, in module "security_group":
   4:   name        = local.name

An argument named "name" is not expected here.

Error: Unsupported argument

  on main.tf line 5, in module "security_group":
   5:   description = local.name

An argument named "description" is not expected here.

Error: Unsupported argument

  on main.tf line 6, in module "security_group":
   6:   vpc_id      = data.aws_vpc.default.id

An argument named "vpc_id" is not expected here.

Error: Unsupported argument

  on main.tf line 80, in module "security_group":
  80:   tags = {

An argument named "tags" is not expected here.}
    apply.go:15:
        	Error Trace:	/workspaces/terraform-aws-security-group-v2/test/apply.go:15
        	            				/workspaces/terraform-aws-security-group-v2/test/terraform_complete_test.go:24
        	Error:      	Received unexpected error:
        	            	FatalError{Underlying: error while running command: exit status 1;
        	            	Error: Unsupported argument

        	            	  on main.tf line 4, in module "security_group":
        	            	   4:   name        = local.name

        	            	An argument named "name" is not expected here.

        	            	Error: Unsupported argument

        	            	  on main.tf line 5, in module "security_group":
        	            	   5:   description = local.name

        	            	An argument named "description" is not expected here.

        	            	Error: Unsupported argument

        	            	  on main.tf line 6, in module "security_group":
        	            	   6:   vpc_id      = data.aws_vpc.default.id

        	            	An argument named "vpc_id" is not expected here.

        	            	Error: Unsupported argument

        	            	  on main.tf line 80, in module "security_group":
        	            	  80:   tags = {

        	            	An argument named "tags" is not expected here.}
        	Test:       	TestTerraformCompleteExample
TestTerraformCompleteExample 2022-08-27T18:21:05Z retry.go:91: terraform [destroy -auto-approve -input=false -no-color -lock=false]
TestTerraformCompleteExample 2022-08-27T18:21:05Z logger.go:66: Running command terraform with args [destroy -auto-approve -input=false -no-color -lock=false]
TestTerraformCompleteExample 2022-08-27T18:21:06Z logger.go:66:
TestTerraformCompleteExample 2022-08-27T18:21:06Z logger.go:66: Error: Unsupported argument
TestTerraformCompleteExample 2022-08-27T18:21:06Z logger.go:66:
TestTerraformCompleteExample 2022-08-27T18:21:06Z logger.go:66:   on main.tf line 4, in module "security_group":
TestTerraformCompleteExample 2022-08-27T18:21:06Z logger.go:66:    4:   name        = local.name
TestTerraformCompleteExample 2022-08-27T18:21:06Z logger.go:66:
TestTerraformCompleteExample 2022-08-27T18:21:06Z logger.go:66: An argument named "name" is not expected here.
TestTerraformCompleteExample 2022-08-27T18:21:06Z logger.go:66:
TestTerraformCompleteExample 2022-08-27T18:21:06Z logger.go:66: Error: Unsupported argument
TestTerraformCompleteExample 2022-08-27T18:21:06Z logger.go:66:
TestTerraformCompleteExample 2022-08-27T18:21:06Z logger.go:66:   on main.tf line 5, in module "security_group":
TestTerraformCompleteExample 2022-08-27T18:21:06Z logger.go:66:    5:   description = local.name
TestTerraformCompleteExample 2022-08-27T18:21:06Z logger.go:66:
TestTerraformCompleteExample 2022-08-27T18:21:06Z logger.go:66: An argument named "description" is not expected here.
TestTerraformCompleteExample 2022-08-27T18:21:06Z logger.go:66:
TestTerraformCompleteExample 2022-08-27T18:21:06Z logger.go:66: Error: Unsupported argument
TestTerraformCompleteExample 2022-08-27T18:21:06Z logger.go:66:
TestTerraformCompleteExample 2022-08-27T18:21:06Z logger.go:66:   on main.tf line 6, in module "security_group":
TestTerraformCompleteExample 2022-08-27T18:21:06Z logger.go:66:    6:   vpc_id      = data.aws_vpc.default.id
TestTerraformCompleteExample 2022-08-27T18:21:06Z logger.go:66:
TestTerraformCompleteExample 2022-08-27T18:21:06Z logger.go:66: An argument named "vpc_id" is not expected here.
TestTerraformCompleteExample 2022-08-27T18:21:06Z logger.go:66:
TestTerraformCompleteExample 2022-08-27T18:21:06Z logger.go:66: Error: Unsupported argument
TestTerraformCompleteExample 2022-08-27T18:21:06Z logger.go:66:
TestTerraformCompleteExample 2022-08-27T18:21:06Z logger.go:66:   on main.tf line 80, in module "security_group":
TestTerraformCompleteExample 2022-08-27T18:21:06Z logger.go:66:   80:   tags = {
TestTerraformCompleteExample 2022-08-27T18:21:06Z logger.go:66:
TestTerraformCompleteExample 2022-08-27T18:21:06Z logger.go:66: An argument named "tags" is not expected here.
TestTerraformCompleteExample 2022-08-27T18:21:06Z retry.go:99: Returning due to fatal error: FatalError{Underlying: error while running command: exit status 1;
Error: Unsupported argument

  on main.tf line 4, in module "security_group":
   4:   name        = local.name

An argument named "name" is not expected here.

Error: Unsupported argument

  on main.tf line 5, in module "security_group":
   5:   description = local.name

An argument named "description" is not expected here.

Error: Unsupported argument

  on main.tf line 6, in module "security_group":
   6:   vpc_id      = data.aws_vpc.default.id

An argument named "vpc_id" is not expected here.

Error: Unsupported argument

  on main.tf line 80, in module "security_group":
  80:   tags = {

An argument named "tags" is not expected here.}
    destroy.go:11:
        	Error Trace:	/workspaces/terraform-aws-security-group-v2/test/destroy.go:11
        	            				/workspaces/terraform-aws-security-group-v2/test/panic.go:642
        	            				/workspaces/terraform-aws-security-group-v2/test/testing.go:756
        	            				/workspaces/terraform-aws-security-group-v2/test/apply.go:15
        	            				/workspaces/terraform-aws-security-group-v2/test/terraform_complete_test.go:24
        	Error:      	Received unexpected error:
        	            	FatalError{Underlying: error while running command: exit status 1;
        	            	Error: Unsupported argument

        	            	  on main.tf line 4, in module "security_group":
        	            	   4:   name        = local.name

        	            	An argument named "name" is not expected here.

        	            	Error: Unsupported argument

        	            	  on main.tf line 5, in module "security_group":
        	            	   5:   description = local.name

        	            	An argument named "description" is not expected here.

        	            	Error: Unsupported argument

        	            	  on main.tf line 6, in module "security_group":
        	            	   6:   vpc_id      = data.aws_vpc.default.id

        	            	An argument named "vpc_id" is not expected here.

        	            	Error: Unsupported argument

        	            	  on main.tf line 80, in module "security_group":
        	            	  80:   tags = {

        	            	An argument named "tags" is not expected here.}
        	Test:       	TestTerraformCompleteExample
--- FAIL: TestTerraformCompleteExample (3.71s)
FAIL
FAIL	command-line-arguments	3.719s
FAIL
